"/Users/dennislieu/Projects/Tests/UnrealEngine/iOSPerformanceTest/iOSPerformanceTest.uproject" 1
"../../../Engine/Plugins/2D/Paper2D/Paper2D.uplugin" 2
"../../../Engine/Plugins/Developer/BlankPlugin/BlankPlugin.uplugin" 3
"../../../Engine/Plugins/Developer/GitSourceControl/GitSourceControl.uplugin" 4
"../../../Engine/Plugins/Developer/KDevelopSourceCodeAccess/KDevelopSourceCodeAccess.uplugin" 5
"../../../Engine/Plugins/Developer/PerforceSourceControl/PerforceSourceControl.uplugin" 6
"../../../Engine/Plugins/Developer/SubversionSourceControl/SubversionSourceControl.uplugin" 7
"../../../Engine/Plugins/Developer/UObjectPlugin/UObjectPlugin.uplugin" 8
"../../../Engine/Plugins/Developer/VisualStudioSourceCodeAccess/VisualStudioSourceCodeAccess.uplugin" 9
"../../../Engine/Plugins/Developer/XCodeSourceCodeAccess/XCodeSourceCodeAccess.uplugin" 10
"../../../Engine/Plugins/Editor/EpicSurvey/EpicSurvey.uplugin" 11
"../../../Engine/Plugins/Editor/MacGraphicsSwitching/MacGraphicsSwitching.uplugin" 12
"../../../Engine/Plugins/Editor/PluginsEditor/PluginsEditor.uplugin" 13
"../../../Engine/Plugins/Editor/SpeedTreeImporter/SpeedTreeImporter.uplugin" 14
"../../../Engine/Plugins/Experimental/BlueprintStats/BlueprintStats.uplugin" 15
"../../../Engine/Plugins/Experimental/CharacterAI/CharacterAI.uplugin" 16
"../../../Engine/Plugins/Experimental/CodeView/CodeView.uplugin" 17
"../../../Engine/Plugins/Experimental/LiveEditor/LiveEditor.uplugin" 18
"../../../Engine/Plugins/Experimental/Phya/Phya.uplugin" 19
"../../../Engine/Plugins/Experimental/SimpleHMD/SimpleHMD.uplugin" 20
"../../../Engine/Plugins/Experimental/SteamVR/SteamVR.uplugin" 21
"../../../Engine/Plugins/Media/AndroidMedia/AndroidMedia.uplugin" 22
"../../../Engine/Plugins/Media/AvfMedia/AvfMedia.uplugin" 23
"../../../Engine/Plugins/Media/MediaPlayerEditor/MediaPlayerEditor.uplugin" 24
"../../../Engine/Plugins/Media/WmfMedia/WmfMedia.uplugin" 25
"../../../Engine/Plugins/Messaging/MessagingDebugger/MessagingDebugger.uplugin" 26
"../../../Engine/Plugins/Messaging/ShmMessaging/ShmMessaging.uplugin" 27
"../../../Engine/Plugins/Messaging/UdpMessaging/UdpMessaging.uplugin" 28
"../../../Engine/Plugins/Runtime/Advertising/IOSTapJoy/IOSTapJoy.uplugin" 29
"../../../Engine/Plugins/Runtime/Analytics/AnalyticsBlueprintLibrary/AnalyticsBlueprintLibrary.uplugin" 30
"../../../Engine/Plugins/Runtime/Analytics/Apsalar/IOSApsalar/IOSApsalar.uplugin" 31
"../../../Engine/Plugins/Runtime/Analytics/FileLogging/FileLogging.uplugin" 32
"../../../Engine/Plugins/Runtime/AndroidDeviceProfileSelector/AndroidDeviceProfileSelector.uplugin" 33
"../../../Engine/Plugins/Runtime/AndroidMoviePlayer/AndroidMoviePlayer.uplugin" 34
"../../../Engine/Plugins/Runtime/AppleMoviePlayer/AppleMoviePlayer.uplugin" 35
"../../../Engine/Plugins/Runtime/CableComponent/CableComponent.uplugin" 36
"../../../Engine/Plugins/Runtime/CustomMeshComponent/CustomMeshComponent.uplugin" 37
"../../../Engine/Plugins/Runtime/ExampleDeviceProfileSelector/ExampleDeviceProfileSelector.uplugin" 38
"../../../Engine/Plugins/Runtime/GearVR/GearVR.uplugin" 39
"../../../Engine/Plugins/Runtime/IOSDeviceProfileSelector/IOSDeviceProfileSelector.uplugin" 40
"../../../Engine/Plugins/Runtime/LiveEditorListenServer/LiveEditorListenServer.uplugin" 41
"../../../Engine/Plugins/Runtime/OculusRift/OculusRift.uplugin" 42
"../../../Engine/Plugins/Runtime/SoundMod/SoundMod.uplugin" 43
"../../../Engine/Plugins/Runtime/SoundVisualizations/SoundVisualizations.uplugin" 44
"../../../Engine/Plugins/Runtime/TwitchLiveStreaming/TwitchLiveStreaming.uplugin" 45
"../../../Engine/Plugins/Runtime/WindowsDeviceProfileSelector/WindowsDeviceProfileSelector.uplugin" 46
"../../../Engine/Plugins/Runtime/WindowsMoviePlayer/WindowsMoviePlayer.uplugin" 47
"../../../Engine/Plugins/ScriptGeneratorPlugin/ScriptGeneratorPlugin.uplugin" 48
"../../../Engine/Plugins/ScriptPlugin/ScriptPlugin.uplugin" 49
"../../../Engine/Plugins/Slate/SlateRemote/SlateRemote.uplugin" 50
"../../../Engine/Plugins/Swipe/Swipe.uplugin" 51
"../../../Engine/Content/Internationalization/icudt53l/cnvalias.icu" 52
"../../../Engine/Content/Internationalization/icudt53l/en_US_POSIX.res" 53
"../../../Engine/Content/Internationalization/icudt53l/pool.res" 54
"../../../Engine/Content/Internationalization/icudt53l/en_US.res" 55
"../../../Engine/Content/Internationalization/icudt53l/en.res" 56
"../../../Engine/Content/Internationalization/icudt53l/root.res" 57
"../../../Engine/Content/Internationalization/icudt53l/coll/ucadata.icu" 58
"../../../Engine/Content/Internationalization/icudt53l/nfc.nrm" 59
"../../../Engine/Content/Internationalization/icudt53l/coll/en_US_POSIX.res" 60
"../../../Engine/Content/Internationalization/icudt53l/coll/en_US.res" 61
"../../../Engine/Content/Internationalization/icudt53l/coll/en.res" 62
"../../../Engine/Content/Internationalization/icudt53l/coll/root.res" 63
"../../../Engine/Content/Internationalization/icudt53l/numberingSystems.res" 64
"../../../Engine/Content/Internationalization/icudt53l/curr/supplementalData.res" 65
"../../../Engine/Content/Internationalization/icudt53l/curr/pool.res" 66
"../../../Engine/Content/Internationalization/icudt53l/curr/en.res" 67
"../../../Engine/Content/Internationalization/icudt53l/curr/root.res" 68
"../../../Engine/Content/Internationalization/icudt53l/plurals.res" 69
"../../../Engine/Content/Internationalization/icudt53l/zoneinfo64.res" 70
"../../../Engine/Content/Internationalization/icudt53l/keyTypeData.res" 71
"../../../Engine/Content/Internationalization/icudt53l/timezoneTypes.res" 72
"../../../Engine/Content/Internationalization/icudt53l/supplementalData.res" 73
"../../../Engine/Content/Internationalization/icudt53l/likelySubtags.res" 74
"/Users/dennislieu/Library/Application Support/Epic/Epic Games/KeyValueStore.ini" 75
"../../../Engine/Config/Base.ini" 76
"../../../Engine/Config/BaseEngine.ini" 77
"../../../../../../dennislieu/Projects/Tests/UnrealEngine/iOSPerformanceTest/Config/DefaultEngine.ini" 78
"../../../Engine/Config/Mac/MacEngine.ini" 79
"/Users/dennislieu/Library/Preferences/Unreal Engine/iOSPerformanceTestEditor/Mac/Engine.ini" 80
"../../../../../../dennislieu/Projects/Tests/UnrealEngine/iOSPerformanceTest/Intermediate/Config/CoalescedSourceConfigs/Engine.ini" 81
"../../../Engine/Config/BaseGame.ini" 82
"../../../../../../dennislieu/Projects/Tests/UnrealEngine/iOSPerformanceTest/Config/DefaultGame.ini" 83
"/Users/dennislieu/Library/Preferences/Unreal Engine/iOSPerformanceTestEditor/Mac/Game.ini" 84
"../../../../../../dennislieu/Projects/Tests/UnrealEngine/iOSPerformanceTest/Intermediate/Config/CoalescedSourceConfigs/Game.ini" 85
"../../../Engine/Config/BaseInput.ini" 86
"../../../../../../dennislieu/Projects/Tests/UnrealEngine/iOSPerformanceTest/Config/DefaultInput.ini" 87
"/Users/dennislieu/Library/Preferences/Unreal Engine/iOSPerformanceTestEditor/Mac/Input.ini" 88
"../../../../../../dennislieu/Projects/Tests/UnrealEngine/iOSPerformanceTest/Intermediate/Config/CoalescedSourceConfigs/Input.ini" 89
"../../../Engine/Config/BaseEditor.ini" 90
"../../../../../../dennislieu/Projects/Tests/UnrealEngine/iOSPerformanceTest/Config/DefaultEditor.ini" 91
"/Users/dennislieu/Library/Preferences/Unreal Engine/iOSPerformanceTestEditor/Mac/Editor.ini" 92
"../../../../../../dennislieu/Projects/Tests/UnrealEngine/iOSPerformanceTest/Intermediate/Config/CoalescedSourceConfigs/Editor.ini" 93
"../../../Engine/Config/BaseEditorLayout.ini" 94
"/Users/dennislieu/Library/Preferences/Unreal Engine/iOSPerformanceTestEditor/Mac/EditorLayout.ini" 95
"../../../../../../dennislieu/Projects/Tests/UnrealEngine/iOSPerformanceTest/Intermediate/Config/CoalescedSourceConfigs/EditorLayout.ini" 96
"../../../Engine/Config/BaseEditorUserSettings.ini" 97
"../../../../../../dennislieu/Projects/Tests/UnrealEngine/iOSPerformanceTest/Config/DefaultEditorUserSettings.ini" 98
"../../../Engine/Config/Mac/MacEditorUserSettings.ini" 99
"/Users/dennislieu/Library/Preferences/Unreal Engine/iOSPerformanceTestEditor/Mac/EditorUserSettings.ini" 100
"../../../../../../dennislieu/Projects/Tests/UnrealEngine/iOSPerformanceTest/Intermediate/Config/CoalescedSourceConfigs/EditorUserSettings.ini" 101
"../../../Engine/Config/BaseEditorKeyBindings.ini" 102
"/Users/dennislieu/Library/Preferences/Unreal Engine/iOSPerformanceTestEditor/Mac/EditorKeyBindings.ini" 103
"../../../../../../dennislieu/Projects/Tests/UnrealEngine/iOSPerformanceTest/Intermediate/Config/CoalescedSourceConfigs/EditorKeyBindings.ini" 104
"../../../Engine/Config/BaseCompat.ini" 105
"/Users/dennislieu/Library/Preferences/Unreal Engine/iOSPerformanceTestEditor/Mac/Compat.ini" 106
"../../../../../../dennislieu/Projects/Tests/UnrealEngine/iOSPerformanceTest/Intermediate/Config/CoalescedSourceConfigs/Compat.ini" 107
"../../../Engine/Config/BaseLightmass.ini" 108
"/Users/dennislieu/Library/Preferences/Unreal Engine/iOSPerformanceTestEditor/Mac/Lightmass.ini" 109
"../../../../../../dennislieu/Projects/Tests/UnrealEngine/iOSPerformanceTest/Intermediate/Config/CoalescedSourceConfigs/Lightmass.ini" 110
"../../../Engine/Config/BaseScalability.ini" 111
"/Users/dennislieu/Library/Preferences/Unreal Engine/iOSPerformanceTestEditor/Mac/Scalability.ini" 112
"../../../../../../dennislieu/Projects/Tests/UnrealEngine/iOSPerformanceTest/Intermediate/Config/CoalescedSourceConfigs/Scalability.ini" 113
"/Users/dennislieu/Library/Preferences/Unreal Engine/iOSPerformanceTestEditor/Mac/GameUserSettings.ini" 114
"../../../../../../dennislieu/Projects/Tests/UnrealEngine/iOSPerformanceTest/Intermediate/Config/CoalescedSourceConfigs/GameUserSettings.ini" 115
"../../../Engine/Config/BaseDeviceProfiles.ini" 116
"/Users/dennislieu/Library/Preferences/Unreal Engine/iOSPerformanceTestEditor/Mac/DeviceProfiles.ini" 117
"../../../../../../dennislieu/Projects/Tests/UnrealEngine/iOSPerformanceTest/Intermediate/Config/CoalescedSourceConfigs/DeviceProfiles.ini" 118
"../../../Engine/Config/ConsoleVariables.ini" 119
"../../../Engine/Content/Internationalization/icudt53l/es.res" 120
"../../../Engine/Content/Internationalization/icudt53l/coll/es.res" 121
"../../../Engine/Content/Internationalization/icudt53l/curr/es.res" 122
"../../../Engine/Content/Internationalization/icudt53l/es_ES.res" 123
"../../../Engine/Content/Internationalization/icudt53l/ja.res" 124
"../../../Engine/Content/Internationalization/icudt53l/coll/ja.res" 125
"../../../Engine/Content/Internationalization/icudt53l/curr/ja.res" 126
"../../../Engine/Content/Internationalization/icudt53l/ja_JP.res" 127
"../../../Engine/Content/Internationalization/icudt53l/ko.res" 128
"../../../Engine/Content/Internationalization/icudt53l/coll/ko.res" 129
"../../../Engine/Content/Internationalization/icudt53l/curr/ko.res" 130
"../../../Engine/Content/Internationalization/icudt53l/ko_KR.res" 131
"../../../Engine/Content/Internationalization/icudt53l/pt_BR.res" 132
"../../../Engine/Content/Internationalization/icudt53l/pt.res" 133
"../../../Engine/Content/Internationalization/icudt53l/coll/pt.res" 134
"../../../Engine/Content/Internationalization/icudt53l/curr/pt.res" 135
"../../../Engine/Content/Internationalization/icudt53l/zh_CN.res" 136
"../../../Engine/Content/Internationalization/icudt53l/zh_Hans_CN.res" 137
"../../../Engine/Content/Internationalization/icudt53l/zh_Hans.res" 138
"../../../Engine/Content/Internationalization/icudt53l/zh.res" 139
"../../../Engine/Content/Internationalization/icudt53l/coll/zh_CN.res" 140
"../../../Engine/Content/Internationalization/icudt53l/coll/zh_Hans_CN.res" 141
"../../../Engine/Content/Internationalization/icudt53l/coll/zh_Hans.res" 142
"../../../Engine/Content/Internationalization/icudt53l/coll/zh.res" 143
"../../../Engine/Content/Internationalization/icudt53l/curr/zh_CN.res" 144
"../../../Engine/Content/Internationalization/icudt53l/curr/zh_Hans_CN.res" 145
"../../../Engine/Content/Internationalization/icudt53l/curr/zh_Hans.res" 146
"../../../Engine/Content/Internationalization/icudt53l/curr/zh.res" 147
"/Users/Shared/UnrealEngine/4.7/Engine/Content/Localization/Editor/en/Editor.locres" 148
"/Users/Shared/UnrealEngine/4.7/Engine/Content/Localization/EditorTutorials/en/EditorTutorials.locres" 149
"/Users/Shared/UnrealEngine/4.7/Engine/Content/Localization/Engine/en/Engine.locres" 150
"../../../Engine/Content/Slate/Fonts/Roboto-Regular.ttf" 151
"../../../Engine/Content/Slate/Fonts/DroidSansMono.ttf" 152
"../../../Engine/Content/Slate/Fonts/Roboto-Bold.ttf" 153
"../../../Engine/Content/Slate/Fonts/Roboto-Light.ttf" 154
"/Users/Shared/UnrealEngine/4.7/Engine/Binaries/Mac/../../../Engine/Shaders/ParticleSpriteVertexFactory.usf" 155
"/Users/Shared/UnrealEngine/4.7/Engine/Binaries/Mac/../../../Engine/Shaders/VertexFactoryCommon.usf" 156
"/Users/Shared/UnrealEngine/4.7/Engine/Binaries/Mac/../../../Engine/Shaders/Common.usf" 157
"/Users/Shared/UnrealEngine/4.7/Engine/Binaries/Mac/../../../Engine/Shaders/MetalCommon.usf" 158
"/Users/Shared/UnrealEngine/4.7/Engine/Binaries/Mac/../../../Engine/Shaders/ShaderVersion.usf" 159
"/Users/Shared/UnrealEngine/4.7/Engine/Binaries/Mac/../../../Engine/Shaders/Definitions.usf" 160
"/Users/Shared/UnrealEngine/4.7/Engine/Binaries/Mac/../../../Engine/Shaders/Random.usf" 161
"/Users/Shared/UnrealEngine/4.7/Engine/Binaries/Mac/../../../Engine/Shaders/ParticleVertexFactoryCommon.usf" 162
"/Users/Shared/UnrealEngine/4.7/Engine/Binaries/Mac/../../../Engine/Shaders/ParticleGPUSpriteVertexFactory.usf" 163
"/Users/Shared/UnrealEngine/4.7/Engine/Binaries/Mac/../../../Engine/Shaders/ParticleBeamTrailVertexFactory.usf" 164
"/Users/Shared/UnrealEngine/4.7/Engine/Binaries/Mac/../../../Engine/Shaders/VectorFieldVisualizationVertexFactory.usf" 165
"/Users/Shared/UnrealEngine/4.7/Engine/Binaries/Mac/../../../Engine/Shaders/LocalVertexFactory.usf" 166
"/Users/Shared/UnrealEngine/4.7/Engine/Binaries/Mac/../../../Engine/Shaders/LocalVertexFactoryCommon.usf" 167
"/Users/Shared/UnrealEngine/4.7/Engine/Binaries/Mac/../../../Engine/Shaders/MeshParticleVertexFactory.usf" 168
"/Users/Shared/UnrealEngine/4.7/Engine/Binaries/Mac/../../../Engine/Shaders/GpuSkinVertexFactory.usf" 169
"/Users/Shared/UnrealEngine/4.7/Engine/Binaries/Mac/../../../Engine/Shaders/GpuSkinCacheCommon.usf" 170
"/Users/Shared/UnrealEngine/4.7/Engine/Binaries/Mac/../../../Engine/Shaders/LandscapeVertexFactory.usf" 171
"/Users/Shared/UnrealEngine/4.7/Engine/Binaries/Mac/../../../Engine/Shaders/OneColorShader.usf" 172
"/Users/Shared/UnrealEngine/4.7/Engine/Binaries/Mac/../../../Engine/Shaders/ParticleSortKeyGen.usf" 173
"/Users/Shared/UnrealEngine/4.7/Engine/Binaries/Mac/../../../Engine/Shaders/ParticleBoundsShader.usf" 174
"/Users/Shared/UnrealEngine/4.7/Engine/Binaries/Mac/../../../Engine/Shaders/ParticleSimVisualizeShader.usf" 175
"/Users/Shared/UnrealEngine/4.7/Engine/Binaries/Mac/../../../Engine/Shaders/ParticleInjectionShader.usf" 176
"/Users/Shared/UnrealEngine/4.7/Engine/Binaries/Mac/../../../Engine/Shaders/ParticleSimulationShader.usf" 177
"/Users/Shared/UnrealEngine/4.7/Engine/Binaries/Mac/../../../Engine/Shaders/ParticleCurveInjectionShader.usf" 178
"/Users/Shared/UnrealEngine/4.7/Engine/Binaries/Mac/../../../Engine/Shaders/VectorFieldCompositeShaders.usf" 179
"/Users/Shared/UnrealEngine/4.7/Engine/Binaries/Mac/../../../Engine/Shaders/UpdateTextureShaders.usf" 180
"/Users/Shared/UnrealEngine/4.7/Engine/Binaries/Mac/../../../Engine/Shaders/SimpleElementColorChannelMaskPixelShader.usf" 181
"/Users/Shared/UnrealEngine/4.7/Engine/Binaries/Mac/../../../Engine/Shaders/SimpleElementHitProxyPixelShader.usf" 182
"/Users/Shared/UnrealEngine/4.7/Engine/Binaries/Mac/../../../Engine/Shaders/SimpleElementPixelShader.usf" 183
"/Users/Shared/UnrealEngine/4.7/Engine/Binaries/Mac/../../../Engine/Shaders/ColorUtils.usf" 184
"/Users/Shared/UnrealEngine/4.7/Engine/Binaries/Mac/../../../Engine/Shaders/IESLightProfilesCommon.usf" 185
"/Users/Shared/UnrealEngine/4.7/Engine/Binaries/Mac/../../../Engine/Shaders/SimpleElementVertexShader.usf" 186
"/Users/Shared/UnrealEngine/4.7/Engine/Binaries/Mac/../../../Engine/Shaders/ScreenVertexShader.usf" 187
"/Users/Shared/UnrealEngine/4.7/Engine/Binaries/Mac/../../../Engine/Shaders/ScreenPixelShader.usf" 188
"/Users/Shared/UnrealEngine/4.7/Engine/Binaries/Mac/../../../Engine/Shaders/NullPixelShader.usf" 189
"/Users/Shared/UnrealEngine/4.7/Engine/Binaries/Mac/../../../Engine/Shaders/RadixSortShaders.usf" 190
"/Users/Shared/UnrealEngine/4.7/Engine/Binaries/Mac/../../../Engine/Shaders/GpuSkinCacheComputeShader.usf" 191
"/Users/Shared/UnrealEngine/4.7/Engine/Binaries/Mac/../../../Engine/Shaders/ClearReplacementShaders.usf" 192
"/Users/Shared/UnrealEngine/4.7/Engine/Binaries/Mac/../../../Engine/Shaders/SlateElementPixelShader.usf" 193
"/Users/Shared/UnrealEngine/4.7/Engine/Binaries/Mac/../../../Engine/Shaders/MaterialTemplate.usf" 194
"/Users/Shared/UnrealEngine/4.7/Engine/Binaries/Mac/../../../Engine/Shaders/DepthOfFieldCommon.usf" 195
"/Users/Shared/UnrealEngine/4.7/Engine/Binaries/Mac/../../../Engine/Shaders/SpeedTreeCommon.usf" 196
"/Users/Shared/UnrealEngine/4.7/Engine/Binaries/Mac/../../../Engine/Shaders/AtmosphereCommon.usf" 197
"/Users/Shared/UnrealEngine/4.7/Engine/Binaries/Mac/../../../Engine/Shaders/PostProcessCommon.usf" 198
"/Users/Shared/UnrealEngine/4.7/Engine/Binaries/Mac/../../../Engine/Shaders/DeferredShadingCommon.usf" 199
"/Users/Shared/UnrealEngine/4.7/Engine/Binaries/Mac/../../../Engine/Shaders/LightAccumulator.usf" 200
"/Users/Shared/UnrealEngine/4.7/Engine/Binaries/Mac/../../../Engine/Shaders/SlateVertexShader.usf" 201
"/Users/Shared/UnrealEngine/4.7/Engine/Binaries/Mac/../../../Engine/Shaders/VisualizeTexture.usf" 202
"/Users/Shared/UnrealEngine/4.7/Engine/Binaries/Mac/../../../Engine/Shaders/ScreenSpaceReflections.usf" 203
"/Users/Shared/UnrealEngine/4.7/Engine/Binaries/Mac/../../../Engine/Shaders/BRDF.usf" 204
"/Users/Shared/UnrealEngine/4.7/Engine/Binaries/Mac/../../../Engine/Shaders/MonteCarlo.usf" 205
"/Users/Shared/UnrealEngine/4.7/Engine/Binaries/Mac/../../../Engine/Shaders/PostProcessBloom.usf" 206
"/Users/Shared/UnrealEngine/4.7/Engine/Binaries/Mac/../../../Engine/Shaders/FilterVertexShader.usf" 207
"/Users/Shared/UnrealEngine/4.7/Engine/Binaries/Mac/../../../Engine/Shaders/FilterPixelShader.usf" 208
"/Users/Shared/UnrealEngine/4.7/Engine/Binaries/Mac/../../../Engine/Shaders/PostProcessVisualizeHDR.usf" 209
"/Users/Shared/UnrealEngine/4.7/Engine/Binaries/Mac/../../../Engine/Shaders/PostProcessHistogramCommon.usf" 210
"/Users/Shared/UnrealEngine/4.7/Engine/Binaries/Mac/../../../Engine/Shaders/TonemapCommon.usf" 211
"/Users/Shared/UnrealEngine/4.7/Engine/Binaries/Mac/../../../Engine/Shaders/MiniFontCommon.usf" 212
"/Users/Shared/UnrealEngine/4.7/Engine/Binaries/Mac/../../../Engine/Shaders/PostProcessVisualizeBuffer.usf" 213
"/Users/Shared/UnrealEngine/4.7/Engine/Binaries/Mac/../../../Engine/Shaders/PostProcessUpscale.usf" 214
"/Users/Shared/UnrealEngine/4.7/Engine/Binaries/Mac/../../../Engine/Shaders/PostProcessTonemap.usf" 215
"/Users/Shared/UnrealEngine/4.7/Engine/Binaries/Mac/../../../Engine/Shaders/PostProcessTestImage.usf" 216
"/Users/Shared/UnrealEngine/4.7/Engine/Binaries/Mac/../../../Engine/Shaders/PostProcessTemporalAA.usf" 217
"/Users/Shared/UnrealEngine/4.7/Engine/Binaries/Mac/../../../Engine/Shaders/PostProcessTemporalCommon.usf" 218
"/Users/Shared/UnrealEngine/4.7/Engine/Binaries/Mac/../../../Engine/Shaders/PostProcessSubsurface.usf" 219
"/Users/Shared/UnrealEngine/4.7/Engine/Binaries/Mac/../../../Engine/Shaders/SeparableSSS.usf" 220
"/Users/Shared/UnrealEngine/4.7/Engine/Binaries/Mac/../../../Engine/Shaders/PostProcessSelectionOutline.usf" 221
"/Users/Shared/UnrealEngine/4.7/Engine/Binaries/Mac/../../../Engine/Shaders/PostProcessSceneColorFringe.usf" 222
"/Users/Shared/UnrealEngine/4.7/Engine/Binaries/Mac/../../../Engine/Shaders/PostProcessNoiseBlur.usf" 223
"/Users/Shared/UnrealEngine/4.7/Engine/Binaries/Mac/../../../Engine/Shaders/PostProcessMotionBlur.usf" 224
"/Users/Shared/UnrealEngine/4.7/Engine/Binaries/Mac/../../../Engine/Shaders/PostProcessMobile.usf" 225
"/Users/Shared/UnrealEngine/4.7/Engine/Binaries/Mac/../../../Engine/Shaders/PostProcessMaterialShaders.usf" 226
"/Users/Shared/UnrealEngine/4.7/Engine/Binaries/Mac/../../../Engine/Shaders/PostProcessLensFlares.usf" 227
"/Users/Shared/UnrealEngine/4.7/Engine/Binaries/Mac/../../../Engine/Shaders/PostProcessLensBlur.usf" 228
"/Users/Shared/UnrealEngine/4.7/Engine/Binaries/Mac/../../../Engine/Shaders/PostProcessHistogramReduce.usf" 229
"/Users/Shared/UnrealEngine/4.7/Engine/Binaries/Mac/../../../Engine/Shaders/PostProcessHistogram.usf" 230
"/Users/Shared/UnrealEngine/4.7/Engine/Binaries/Mac/../../../Engine/Shaders/PostProcessHMD.usf" 231
"/Users/Shared/UnrealEngine/4.7/Engine/Binaries/Mac/../../../Engine/Shaders/PostProcessGBufferHints.usf" 232
"/Users/Shared/UnrealEngine/4.7/Engine/Binaries/Mac/../../../Engine/Shaders/PostProcessEyeAdaptation.usf" 233
"/Users/Shared/UnrealEngine/4.7/Engine/Binaries/Mac/../../../Engine/Shaders/PostProcessDownsample.usf" 234
"/Users/Shared/UnrealEngine/4.7/Engine/Binaries/Mac/../../../Engine/Shaders/PostProcessDOF.usf" 235
"/Users/Shared/UnrealEngine/4.7/Engine/Binaries/Mac/../../../Engine/Shaders/PostProcessCompositeEditorPrimitives.usf" 236
"/Users/Shared/UnrealEngine/4.7/Engine/Binaries/Mac/../../../Engine/Shaders/PostProcessCombineLUTs.usf" 237
"/Users/Shared/UnrealEngine/4.7/Engine/Binaries/Mac/../../../Engine/Shaders/PostProcessBusyWait.usf" 238
"/Users/Shared/UnrealEngine/4.7/Engine/Binaries/Mac/../../../Engine/Shaders/PostProcessBokehDOF.usf" 239
"/Users/Shared/UnrealEngine/4.7/Engine/Binaries/Mac/../../../Engine/Shaders/FXAAShader.usf" 240
"/Users/Shared/UnrealEngine/4.7/Engine/Binaries/Mac/../../../Engine/Shaders/Fxaa3_11.usf" 241
"/Users/Shared/UnrealEngine/4.7/Engine/Binaries/Mac/../../../Engine/Shaders/PostProcessPassThrough.usf" 242
"/Users/Shared/UnrealEngine/4.7/Engine/Binaries/Mac/../../../Engine/Shaders/PostProcessLpvIndirect.usf" 243
"/Users/Shared/UnrealEngine/4.7/Engine/Binaries/Mac/../../../Engine/Shaders/DeferredLightingCommon.usf" 244
"/Users/Shared/UnrealEngine/4.7/Engine/Binaries/Mac/../../../Engine/Shaders/DynamicLightingCommon.usf" 245
"/Users/Shared/UnrealEngine/4.7/Engine/Binaries/Mac/../../../Engine/Shaders/LPVFinalPass.usf" 246
"/Users/Shared/UnrealEngine/4.7/Engine/Binaries/Mac/../../../Engine/Shaders/LPVCommon.usf" 247
"/Users/Shared/UnrealEngine/4.7/Engine/Binaries/Mac/../../../Engine/Shaders/DeferredDecal.usf" 248
"/Users/Shared/UnrealEngine/4.7/Engine/Binaries/Mac/../../../Engine/Shaders/PostProcessAmbientOcclusion.usf" 249
"/Users/Shared/UnrealEngine/4.7/Engine/Binaries/Mac/../../../Engine/Shaders/PostProcessAmbient.usf" 250
"/Users/Shared/UnrealEngine/4.7/Engine/Binaries/Mac/../../../Engine/Shaders/CubemapCommon.usf" 251
"/Users/Shared/UnrealEngine/4.7/Engine/Binaries/Mac/../../../Engine/Shaders/VelocityShader.usf" 252
"/Users/Shared/UnrealEngine/4.7/Engine/Binaries/Mac/../../../Engine/Shaders/Tessellation.usf" 253
"/Users/Shared/UnrealEngine/4.7/Engine/Binaries/Mac/../../../Engine/Shaders/FlatTessellation.usf" 254
"/Users/Shared/UnrealEngine/4.7/Engine/Binaries/Mac/../../../Engine/Shaders/PNTriangles.usf" 255
"/Users/Shared/UnrealEngine/4.7/Engine/Binaries/Mac/../../../Engine/Shaders/TranslucentLightingShaders.usf" 256
"/Users/Shared/UnrealEngine/4.7/Engine/Binaries/Mac/../../../Engine/Shaders/SHCommon.usf" 257
"/Users/Shared/UnrealEngine/4.7/Engine/Binaries/Mac/../../../Engine/Shaders/ShadowProjectionCommon.usf" 258
"/Users/Shared/UnrealEngine/4.7/Engine/Binaries/Mac/../../../Engine/Shaders/TranslucentLightInjectionShaders.usf" 259
"/Users/Shared/UnrealEngine/4.7/Engine/Binaries/Mac/../../../Engine/Shaders/LightFunctionCommon.usf" 260
"/Users/Shared/UnrealEngine/4.7/Engine/Binaries/Mac/../../../Engine/Shaders/TranslucentShadowDepthShaders.usf" 261
"/Users/Shared/UnrealEngine/4.7/Engine/Binaries/Mac/../../../Engine/Shaders/ShadowDepthCommon.usf" 262
"/Users/Shared/UnrealEngine/4.7/Engine/Binaries/Mac/../../../Engine/Shaders/TiledDeferredLightShaders.usf" 263
"/Users/Shared/UnrealEngine/4.7/Engine/Binaries/Mac/../../../Engine/Shaders/ShadowProjectionPixelShader.usf" 264
"/Users/Shared/UnrealEngine/4.7/Engine/Binaries/Mac/../../../Engine/Shaders/ShadowFilteringCommon.usf" 265
"/Users/Shared/UnrealEngine/4.7/Engine/Binaries/Mac/../../../Engine/Shaders/ShadowProjectionVertexShader.usf" 266
"/Users/Shared/UnrealEngine/4.7/Engine/Binaries/Mac/../../../Engine/Shaders/ShadowDepthPixelShader.usf" 267
"/Users/Shared/UnrealEngine/4.7/Engine/Binaries/Mac/../../../Engine/Shaders/LPVWriteVplCommon.usf" 268
"/Users/Shared/UnrealEngine/4.7/Engine/Binaries/Mac/../../../Engine/Shaders/LPVWriteCommon.usf" 269
"/Users/Shared/UnrealEngine/4.7/Engine/Binaries/Mac/../../../Engine/Shaders/ShadowDepthVertexShader.usf" 270
"/Users/Shared/UnrealEngine/4.7/Engine/Binaries/Mac/../../../Engine/Shaders/ShaderComplexityApplyPixelShader.usf" 271
"/Users/Shared/UnrealEngine/4.7/Engine/Binaries/Mac/../../../Engine/Shaders/ShaderComplexityApplyVertexShader.usf" 272
"/Users/Shared/UnrealEngine/4.7/Engine/Binaries/Mac/../../../Engine/Shaders/ShaderComplexityAccumulatePixelShader.usf" 273
"/Users/Shared/UnrealEngine/4.7/Engine/Binaries/Mac/../../../Engine/Shaders/HZBOcclusion.usf" 274
"/Users/Shared/UnrealEngine/4.7/Engine/Binaries/Mac/../../../Engine/Shaders/OcclusionQueryVertexShader.usf" 275
"/Users/Shared/UnrealEngine/4.7/Engine/Binaries/Mac/../../../Engine/Shaders/HitProxyPixelShader.usf" 276
"/Users/Shared/UnrealEngine/4.7/Engine/Binaries/Mac/../../../Engine/Shaders/HitProxyVertexShader.usf" 277
"/Users/Shared/UnrealEngine/4.7/Engine/Binaries/Mac/../../../Engine/Shaders/ReflectionEnvironmentShaders.usf" 278
"/Users/Shared/UnrealEngine/4.7/Engine/Binaries/Mac/../../../Engine/Shaders/ReflectionEnvironmentShared.usf" 279
"/Users/Shared/UnrealEngine/4.7/Engine/Binaries/Mac/../../../Engine/Shaders/SkyLightingShared.usf" 280
"/Users/Shared/UnrealEngine/4.7/Engine/Binaries/Mac/../../../Engine/Shaders/ReflectionEnvironmentComputeShaders.usf" 281
"/Users/Shared/UnrealEngine/4.7/Engine/Binaries/Mac/../../../Engine/Shaders/LightShaftShader.usf" 282
"/Users/Shared/UnrealEngine/4.7/Engine/Binaries/Mac/../../../Engine/Shaders/StationaryLightOverlapShaders.usf" 283
"/Users/Shared/UnrealEngine/4.7/Engine/Binaries/Mac/../../../Engine/Shaders/DeferredLightPixelShaders.usf" 284
"/Users/Shared/UnrealEngine/4.7/Engine/Binaries/Mac/../../../Engine/Shaders/DeferredLightVertexShaders.usf" 285
"/Users/Shared/UnrealEngine/4.7/Engine/Binaries/Mac/../../../Engine/Shaders/LPVVisualise.usf" 286
"/Users/Shared/UnrealEngine/4.7/Engine/Binaries/Mac/../../../Engine/Shaders/LPVGeometryVolumeCommon.usf" 287
"/Users/Shared/UnrealEngine/4.7/Engine/Binaries/Mac/../../../Engine/Shaders/LPVDirectLightInject.usf" 288
"/Users/Shared/UnrealEngine/4.7/Engine/Binaries/Mac/../../../Engine/Shaders/LPVPropagate.usf" 289
"/Users/Shared/UnrealEngine/4.7/Engine/Binaries/Mac/../../../Engine/Shaders/LPVBuildGeometryVolume.usf" 290
"/Users/Shared/UnrealEngine/4.7/Engine/Binaries/Mac/../../../Engine/Shaders/LPVInject_AccumulateVplLists.usf" 291
"/Users/Shared/UnrealEngine/4.7/Engine/Binaries/Mac/../../../Engine/Shaders/LPVInject_GenerateVplLists.usf" 292
"/Users/Shared/UnrealEngine/4.7/Engine/Binaries/Mac/../../../Engine/Shaders/LPVClearLists.usf" 293
"/Users/Shared/UnrealEngine/4.7/Engine/Binaries/Mac/../../../Engine/Shaders/LPVClear.usf" 294
"/Users/Shared/UnrealEngine/4.7/Engine/Binaries/Mac/../../../Engine/Shaders/LightMapDensityShader.usf" 295
"/Users/Shared/UnrealEngine/4.7/Engine/Binaries/Mac/../../../Engine/Shaders/LightFunctionPixelShader.usf" 296
"/Users/Shared/UnrealEngine/4.7/Engine/Binaries/Mac/../../../Engine/Shaders/LightFunctionVertexShader.usf" 297
"/Users/Shared/UnrealEngine/4.7/Engine/Binaries/Mac/../../../Engine/Shaders/HdrCustomResolveShaders.usf" 298
"/Users/Shared/UnrealEngine/4.7/Engine/Binaries/Mac/../../../Engine/Shaders/GammaCorrection.usf" 299
"/Users/Shared/UnrealEngine/4.7/Engine/Binaries/Mac/../../../Engine/Shaders/GPUBenchmark.usf" 300
"/Users/Shared/UnrealEngine/4.7/Engine/Binaries/Mac/../../../Engine/Shaders/BasePassForForwardShadingPixelShader.usf" 301
"/Users/Shared/UnrealEngine/4.7/Engine/Binaries/Mac/../../../Engine/Shaders/BasePassForForwardShadingCommon.usf" 302
"/Users/Shared/UnrealEngine/4.7/Engine/Binaries/Mac/../../../Engine/Shaders/LightmapCommon.usf" 303
"/Users/Shared/UnrealEngine/4.7/Engine/Binaries/Mac/../../../Engine/Shaders/BasePassForForwardShadingVertexShader.usf" 304
"/Users/Shared/UnrealEngine/4.7/Engine/Binaries/Mac/../../../Engine/Shaders/HeightFogCommon.usf" 305
"/Users/Shared/UnrealEngine/4.7/Engine/Binaries/Mac/../../../Engine/Shaders/HeightFogPixelShader.usf" 306
"/Users/Shared/UnrealEngine/4.7/Engine/Binaries/Mac/../../../Engine/Shaders/HeightFogVertexShader.usf" 307
"/Users/Shared/UnrealEngine/4.7/Engine/Binaries/Mac/../../../Engine/Shaders/DistortAccumulatePS.usf" 308
"/Users/Shared/UnrealEngine/4.7/Engine/Binaries/Mac/../../../Engine/Shaders/DistortAccumulateVS.usf" 309
"/Users/Shared/UnrealEngine/4.7/Engine/Binaries/Mac/../../../Engine/Shaders/DistortApplyScreenPS.usf" 310
"/Users/Shared/UnrealEngine/4.7/Engine/Binaries/Mac/../../../Engine/Shaders/DistanceFieldSurfaceCacheLighting.usf" 311
"/Users/Shared/UnrealEngine/4.7/Engine/Binaries/Mac/../../../Engine/Shaders/DistanceFieldLightingShared.usf" 312
"/Users/Shared/UnrealEngine/4.7/Engine/Binaries/Mac/../../../Engine/Shaders/DistanceFieldAOShared.usf" 313
"/Users/Shared/UnrealEngine/4.7/Engine/Binaries/Mac/../../../Engine/Shaders/SkyLighting.usf" 314
"/Users/Shared/UnrealEngine/4.7/Engine/Binaries/Mac/../../../Engine/Shaders/DistanceFieldSurfaceCacheLightingCompute.usf" 315
"/Users/Shared/UnrealEngine/4.7/Engine/Binaries/Mac/../../../Engine/Shaders/DistanceFieldShadowing.usf" 316
"/Users/Shared/UnrealEngine/4.7/Engine/Binaries/Mac/../../../Engine/Shaders/DepthOnlyPixelShader.usf" 317
"/Users/Shared/UnrealEngine/4.7/Engine/Binaries/Mac/../../../Engine/Shaders/DepthOnlyVertexShader.usf" 318
"/Users/Shared/UnrealEngine/4.7/Engine/Binaries/Mac/../../../Engine/Shaders/PositionOnlyDepthVertexShader.usf" 319
"/Users/Shared/UnrealEngine/4.7/Engine/Binaries/Mac/../../../Engine/Shaders/DownsampleDepthPixelShader.usf" 320
"/Users/Shared/UnrealEngine/4.7/Engine/Binaries/Mac/../../../Engine/Shaders/BasePassPixelShader.usf" 321
"/Users/Shared/UnrealEngine/4.7/Engine/Binaries/Mac/../../../Engine/Shaders/BasePassCommon.usf" 322
"/Users/Shared/UnrealEngine/4.7/Engine/Binaries/Mac/../../../Engine/Shaders/BasePassVertexShader.usf" 323
"/Users/Shared/UnrealEngine/4.7/Engine/Binaries/Mac/../../../Engine/Shaders/BasePassVertexCommon.usf" 324
"/Users/Shared/UnrealEngine/4.7/Engine/Binaries/Mac/../../../Engine/Shaders/BasePassTessellationShaders.usf" 325
"/Users/Shared/UnrealEngine/4.7/Engine/Binaries/Mac/../../../Engine/Shaders/AtmospherePrecompute.usf" 326
"/Users/Shared/UnrealEngine/4.7/Engine/Binaries/Mac/../../../Engine/Shaders/AtmospherePrecomputeCommon.usf" 327
"/Users/Shared/UnrealEngine/4.7/Engine/Binaries/Mac/../../../Engine/Shaders/AtmospherePrecomputeInscatter.usf" 328
"/Users/Shared/UnrealEngine/4.7/Engine/Binaries/Mac/../../../Engine/Shaders/AtmosphericFogShader.usf" 329
"/Users/Shared/UnrealEngine/4.7/Engine/Binaries/Mac/../../../Engine/Shaders/SimpleElementTexture2DPreviewPixelShader.usf" 330
"/Users/Shared/UnrealEngine/4.7/Engine/Binaries/Mac/../../../Engine/Shaders/SimpleElementNormalMapPixelShader.usf" 331
"/Users/Shared/UnrealEngine/4.7/Engine/Binaries/Mac/../../../Engine/Shaders/meshpaintdilatepixelshader.usf" 332
"/Users/Shared/UnrealEngine/4.7/Engine/Binaries/Mac/../../../Engine/Shaders/meshpaintdilatevertexshader.usf" 333
"/Users/Shared/UnrealEngine/4.7/Engine/Binaries/Mac/../../../Engine/Shaders/MeshPaintPixelShader.usf" 334
"/Users/Shared/UnrealEngine/4.7/Engine/Binaries/Mac/../../../Engine/Shaders/MeshPaintVertexShader.usf" 335
"../../../Engine/Config/Android/AndroidEngine.ini" 336
"../../../Engine/Config/IOS/IOSEngine.ini" 337
"/Users/dennislieu/Library/Application Support/Epic/UnrealEngine/4.7/DerivedDataCache/Boot.ddc" 338
"../../../Engine/DerivedDataCache/Compressed.ddp" 339
"../../../Engine/Content/EditorResources/S_Actor.uasset" 340
"/Users/dennislieu/Library/Preferences/Unreal Engine/iOSPerformanceTestEditor/Mac/TemplateDefs.ini" 341
"../../../../../../dennislieu/Projects/Tests/UnrealEngine/iOSPerformanceTest/Intermediate/Config/CoalescedSourceConfigs/TemplateDefs.ini" 342
"../../../Engine/Content/Maps/Templates/Thumbnails/Default.uasset" 343
"../../../Engine/Content/EditorMaterials/ParticleSystems/PSysThumbnail_NoImage.uasset" 344
"../../../Engine/Content/EditorMaterials/ParticleSystems/PSysThumbnail_OOD.uasset" 345
"../../../Engine/Content/EditorLandscapeResources/DataLayer.uasset" 346
"../../../Engine/Content/EngineFonts/Roboto.uasset" 347
"../../../Engine/Content/EngineMaterials/Widget3DPassThrough_Translucent.uasset" 348
"../../../Engine/Content/EngineMaterials/Widget3DPassThrough.uasset" 349
"../../../Engine/Content/EngineResources/WhiteSquareTexture.uasset" 350
"../../../Engine/Content/Functions/Engine_MaterialFunctions01/Shading/PowerToRoughness.uasset" 351
"../../../Engine/Content/Functions/Engine_MaterialFunctions01/Shading/ConvertFromDiffSpec.uasset" 352
"../../../Engine/Content/EngineMaterials/WorldGridMaterial.uasset" 353
"../../../Engine/Content/Functions/Engine_MaterialFunctions01/Opacity/CameraDepthFade.uasset" 354
"../../../Engine/Content/EngineMaterials/T_Default_Material_Grid_M.uasset" 355
"../../../Engine/Content/EngineMaterials/T_Default_Material_Grid_N.uasset" 356
"../../../Engine/Content/EngineMaterials/DefaultDeferredDecalMaterial.uasset" 357
"../../../Engine/Content/EngineMaterials/DefaultDiffuse.uasset" 358
"../../../Engine/Content/EngineMaterials/DefaultLightFunctionMaterial.uasset" 359
"../../../Engine/Content/EngineMaterials/DefaultPostProcessMaterial.uasset" 360
"../../../Engine/Content/Functions/Engine_MaterialFunctions02/Utility/BreakOutFloat2Components.uasset" 361
"../../../Engine/Content/EngineResources/DefaultTexture.uasset" 362
"../../../Engine/Content/EngineMaterials/Widget3DPassThrough_Translucent_OneSided.uasset" 363
"../../../Engine/Content/EngineMaterials/Widget3DPassThrough_Opaque.uasset" 364
"../../../Engine/Content/EngineMaterials/Widget3DPassThrough_Opaque_OneSided.uasset" 365
"../../../Engine/Content/EngineDamageTypes/DmgTypeBP_Environmental.uasset" 366
"../../../Engine/Content/EngineMeshes/Sphere.uasset" 367
"../../../Engine/Content/EngineFonts/RobotoDistanceField.uasset" 368
"../../../Engine/Content/EngineMaterials/DefaultTextMaterialOpaque.uasset" 369
"../../../Engine/Content/EditorResources/S_Trigger.uasset" 370
"../../../Engine/Content/EngineResources/GradientTexture0.uasset" 371
"../../../Engine/Content/EngineResources/Black.uasset" 372
"../../../Engine/Content/EditorMaterials/MatineeGroups/MAT_Groups_Float.uasset" 373
"../../../Engine/Content/EditorMaterials/MatineeGroups/MAT_Groups_Director.uasset" 374
"../../../Engine/Content/EditorMaterials/MatineeGroups/MAT_Groups_Event.uasset" 375
"../../../Engine/Content/EditorMaterials/MatineeGroups/MAT_Groups_Anim.uasset" 376
"../../../Engine/Content/EditorMaterials/MatineeGroups/MAT_Groups_Fade.uasset" 377
"../../../Engine/Content/EditorMaterials/MatineeGroups/MAT_Groups_Move.uasset" 378
"../../../Engine/Content/EditorMaterials/MatineeGroups/MAT_Groups_Slomo.uasset" 379
"../../../Engine/Content/EditorMaterials/MatineeGroups/MAT_ColorTrack.uasset" 380
"../../../Engine/Content/EditorMaterials/MAT_Groups_Toggle.uasset" 381
"../../../Engine/Content/EditorMaterials/MatineeGroups/MAT_Groups_AudioMaster.uasset" 382
"../../../Engine/Content/EditorMaterials/MatineeGroups/MAT_Groups_Sound.uasset" 383
"../../../Engine/Content/EditorMaterials/MatineeGroups/MAT_Groups_Vector.uasset" 384
"../../../Engine/Content/EditorMaterials/MAT_Groups_Visibility.uasset" 385
"../../../Engine/Content/EngineResources/DefaultTextureCube.uasset" 386
"../../../Engine/Content/EngineSounds/Master.uasset" 387
"../../../Engine/Content/EngineSounds/Music.uasset" 388
"../../../Engine/Content/EngineSounds/SFX.uasset" 389
"../../../Engine/Content/EngineSounds/Normal_Attack.uasset" 390
"../../../Engine/Content/EngineSounds/Special_Attack_PSM.uasset" 391
"../../../Engine/Content/EngineSounds/Duck_Normal_Attack_MixMod.uasset" 392
"../../../Engine/Content/EngineSounds/Voice.uasset" 393
"../../../Engine/Content/EngineMeshes/Cylinder.uasset" 394
"../../../Engine/Content/EngineMaterials/DefaultMaterial.uasset" 395
"../../../Engine/Content/EngineTireTypes/DefaultTireType.uasset" 396
"/Users/dennislieu/Library/Preferences/Unreal Engine/iOSPerformanceTestEditor/Mac/InternationalizationExport.ini" 397
"../../../../../../dennislieu/Projects/Tests/UnrealEngine/iOSPerformanceTest/Intermediate/Config/CoalescedSourceConfigs/InternationalizationExport.ini" 398
"../../../Engine/Content/Editor/Slate/Fonts/FontAwesome.ttf" 399
"../../../Engine/Content/Editor/Slate/Fonts/DroidSansMono.ttf" 400
"../../../Engine/Content/Editor/Slate/Fonts/Roboto-BoldCondensed.ttf" 401
"../../../Engine/Content/Editor/Slate/Fonts/Roboto-Black.ttf" 402
"../../../Engine/Content/Editor/Slate/Fonts/Roboto-Italic.ttf" 403
"../../../Engine/Content/Editor/Slate/Fonts/Roboto-BoldCondensedItalic.ttf" 404
"../../../Engine/Plugins/2D/Paper2D/Content/MaskedUnlitSpriteMaterial.uasset" 405
"../../../Engine/Plugins/2D/Paper2D/Content/DefaultSpriteMaterial.uasset" 406
"../../../Engine/Plugins/2D/Paper2D/Content/DummySpriteTexture.uasset" 407
"../../../Engine/Plugins/2D/Paper2D/Content/OpaqueUnlitSpriteMaterial.uasset" 408
"../../../Engine/Plugins/2D/Paper2D/Content/DefaultPaperTerrainMaterial.uasset" 409
"../../../Engine/Plugins/2D/Paper2D/Content/DummySprite.uasset" 410
"/Users/dennislieu/Library/Application Support/Epic/UnrealEngine/4.7/Saved/Config/Mac/SourceControlSettings.ini" 411
"../../../../../../dennislieu/Projects/Tests/UnrealEngine/iOSPerformanceTest/Intermediate/Config/CoalescedSourceConfigs/SourceControlSettings.ini" 412
"/Users/dennislieu/Library/Preferences/Unreal Engine/iOSPerformanceTestEditor/Mac/SourceControlSettings.ini" 413
"../../../Engine/Content/EngineMaterials/RemoveSurfaceMaterial.uasset" 414
"../../../Engine/Content/EngineDebugMaterials/DebugMeshMaterial.uasset" 415
"../../../Engine/Content/EngineMaterials/M_InvalidLightmapSettings.uasset" 416
"../../../Engine/Content/EngineMaterials/InvalidLightmapSettings.uasset" 417
"../../../Engine/Content/EditorMaterials/GizmoMaterial.uasset" 418
"../../../Engine/Content/EngineMaterials/Good64x64TilingNoiseHighFreq.uasset" 419
"../../../Engine/Content/EngineMaterials/DefaultBokeh.uasset" 420
"../../../Engine/Content/EngineMaterials/PreintegratedSkinBRDF.uasset" 421
"../../../Engine/Content/EngineMaterials/MiniFont.uasset" 422
"../../../Engine/Content/EngineMaterials/WeightMapPlaceholderTexture.uasset" 423
"../../../Engine/Content/EngineMaterials/DefaultWhiteGrid.uasset" 424
"../../../Engine/Content/EngineMaterials/DefaultPhysicalMaterial.uasset" 425
"../../../Engine/Content/EngineFonts/RobotoTiny.uasset" 426
"../../../../../../dennislieu/Projects/Tests/UnrealEngine/iOSPerformanceTest/Intermediate/CachedAssetRegistry.bin" 427
"../../../Engine/Content/MobileResources/HUD/VirtualJoystick_Thumb.uasset" 428
"../../../Engine/Content/MobileResources/HUD/VirtualJoystick_Background.uasset" 429
"../../../Engine/Content/MobileResources/HUD/T_Castle_ThumbstickOutter.uasset" 430
"../../../Engine/Content/MobileResources/HUD/T_Castle_ThumbstickInner.uasset" 431
"../../../Engine/Content/MobileResources/HUD/MobileHUDDirectionStick.uasset" 432
"../../../Engine/Content/MobileResources/HUD/MobileHUDDirectionPad3.uasset" 433
"../../../Engine/Content/MobileResources/HUD/MobileHUDDirectionPad2.uasset" 434
"../../../Engine/Content/MobileResources/HUD/MobileHUDDirectionPad.uasset" 435
"../../../Engine/Content/MobileResources/HUD/MobileHUDButtonFire.uasset" 436
"../../../Engine/Content/MobileResources/HUD/MobileHUDButton3.uasset" 437
"../../../Engine/Content/MobileResources/HUD/MobileHUDButton2_on.uasset" 438
"../../../Engine/Content/MobileResources/HUD/MobileHUDButton2_off.uasset" 439
"../../../Engine/Content/MobileResources/HUD/MobileHUDButton1_on.uasset" 440
"../../../Engine/Content/MobileResources/HUD/MobileHUDButton1_off.uasset" 441
"../../../Engine/Content/MobileResources/HUD/LeftVirtualJoystickOnly.uasset" 442
"../../../Engine/Content/MobileResources/HUD/DefaultVirtualJoysticks.uasset" 443
"../../../Engine/Content/MobileResources/HUD/AnalogHat.uasset" 444
"../../../Engine/Content/MobileResources/T_MobileMenu2.uasset" 445
"../../../Engine/Content/MobileResources/T_MobileControls_texture.uasset" 446
"../../../../../../dennislieu/Projects/Tests/UnrealEngine/iOSPerformanceTest/Content/SideScrollerBP/Blueprints/SideScrollerGameMode.uasset" 447
"../../../../../../dennislieu/Projects/Tests/UnrealEngine/iOSPerformanceTest/Content/SideScrollerBP/Blueprints/SideScrollerCharacter.uasset" 448
"../../../../../../dennislieu/Projects/Tests/UnrealEngine/iOSPerformanceTest/Content/SideScrollerBP/Character/SideScrollerAnimBlueprint.uasset" 449
"../../../../../../dennislieu/Projects/Tests/UnrealEngine/iOSPerformanceTest/Content/SideScrollerBP/Animations/SideScrollerJump_End.uasset" 450
"../../../../../../dennislieu/Projects/Tests/UnrealEngine/iOSPerformanceTest/Content/SideScrollerBP/Character/SideScrollerSkeleton.uasset" 451
"../../../../../../dennislieu/Projects/Tests/UnrealEngine/iOSPerformanceTest/Content/SideScrollerBP/Animations/SideScrollerJump_Loop.uasset" 452
"../../../../../../dennislieu/Projects/Tests/UnrealEngine/iOSPerformanceTest/Content/SideScrollerBP/Animations/SideScrollerJump_Start.uasset" 453
"../../../../../../dennislieu/Projects/Tests/UnrealEngine/iOSPerformanceTest/Content/SideScrollerBP/Character/SideScrollerIdleRun.uasset" 454
"../../../../../../dennislieu/Projects/Tests/UnrealEngine/iOSPerformanceTest/Content/SideScrollerBP/Animations/SideScrollerIdle.uasset" 455
"../../../../../../dennislieu/Projects/Tests/UnrealEngine/iOSPerformanceTest/Content/SideScrollerBP/Animations/SideScrollerRun.uasset" 456
"../../../../../../dennislieu/Projects/Tests/UnrealEngine/iOSPerformanceTest/Content/SideScrollerBP/Animations/SideScrollerWalk.uasset" 457
"../../../Engine/Content/EditorBlueprintResources/StandardMacros.uasset" 458
"../../../../../../dennislieu/Projects/Tests/UnrealEngine/iOSPerformanceTest/Content/SideScrollerBP/Character/SideScrollerSkeletalMesh.uasset" 459
"../../../Engine/Content/TemplateResources/MI_Template_BaseBlue.uasset" 460
"../../../Engine/Content/TemplateResources/M_Template_Master.uasset" 461
"../../../Engine/Content/Maps/Entry.umap" 462
"../../../Engine/Content/EngineMaterials/DefaultNormal.uasset" 463
"../../../../../../dennislieu/Projects/Tests/UnrealEngine/iOSPerformanceTest/Content/SideScrollerBP/Maps/SideScrollerExampleMap.umap" 464
"../../../Engine/Content/EngineSky/BP_Sky_Sphere.uasset" 465
"../../../Engine/Content/EngineSky/C_Sky_Cloud_Color.uasset" 466
"../../../Engine/Content/EngineSky/C_Sky_Horizon_Color.uasset" 467
"../../../Engine/Content/EngineSky/C_Sky_Zenith_Color.uasset" 468
"../../../Engine/Content/EngineSky/M_Sky_Panning_Clouds2.uasset" 469
"../../../Engine/Content/EngineSky/T_Sky_Blue.uasset" 470
"../../../Engine/Content/EngineSky/T_Sky_Clouds_M.uasset" 471
"../../../Engine/Content/EngineSky/T_Sky_Stars.uasset" 472
"../../../Engine/Content/EngineSky/SM_SkySphere.uasset" 473
"../../../Engine/Content/MapTemplates/Bokeh_5Sides.uasset" 474
"../../../Engine/Content/MapTemplates/T_ScreenDirt02_w.uasset" 475
"../../../../../../dennislieu/Projects/Tests/UnrealEngine/iOSPerformanceTest/Content/SideScrollerBP/Meshes/CubeMesh.uasset" 476
"../../../../../../dennislieu/Projects/Tests/UnrealEngine/iOSPerformanceTest/Content/SideScrollerBP/Meshes/CubeMaterial.uasset" 477
"../../../Engine/Content/EditorResources/EmptyActor.uasset" 478
"../../../../../../dennislieu/Projects/Tests/UnrealEngine/iOSPerformanceTest/Content/SideScrollerBP/SideScrollerOverview.uasset" 479
